[2020-05-08T14:21:17.581] [DEBUG] cheese - login => username:admin,password:123456
[2020-05-08T14:21:17.582] [DEBUG] cheese - admin
[2020-05-08T14:21:17.593] [DEBUG] cheese - null
[2020-05-08T14:21:17.594] [DEBUG] cheese - null
[2020-05-08T14:22:29.199] [DEBUG] cheese - login => username:admin,password:123456
[2020-05-08T14:22:29.199] [DEBUG] cheese - admin
[2020-05-08T14:22:29.202] [DEBUG] cheese - null
[2020-05-08T14:22:29.203] [DEBUG] cheese - null
[2020-05-08T14:22:40.542] [DEBUG] cheese - login => username:admin,password:123456
[2020-05-08T14:22:40.542] [DEBUG] cheese - admin
[2020-05-08T14:22:40.546] [DEBUG] cheese - null
[2020-05-08T14:22:40.546] [DEBUG] cheese - null
[2020-05-08T14:23:04.163] [DEBUG] cheese - login => username:admin,password:1234561
[2020-05-08T14:23:04.163] [DEBUG] cheese - admin
[2020-05-08T14:23:04.166] [DEBUG] cheese - null
[2020-05-08T14:23:04.166] [DEBUG] cheese - null
[2020-05-08T14:23:09.235] [DEBUG] cheese - login => username:admina,password:1234561
[2020-05-08T14:23:09.235] [DEBUG] cheese - admina
[2020-05-08T14:23:09.238] [DEBUG] cheese - null
[2020-05-08T14:23:09.238] [DEBUG] cheese - null
[2020-05-08T14:29:13.572] [DEBUG] cheese - login => username:admin,password:123456
[2020-05-08T14:29:13.572] [DEBUG] cheese - admin
[2020-05-08T14:29:13.575] [DEBUG] cheese - null
[2020-05-08T14:29:13.575] [DEBUG] cheese - null
[2020-05-08T14:32:51.553] [DEBUG] cheese - null
[2020-05-08T15:04:14.587] [DEBUG] cheese - login => username:admin,password:123456
[2020-05-08T15:04:14.588] [DEBUG] cheese - admin
[2020-05-08T15:04:14.592] [DEBUG] cheese - null
[2020-05-08T15:04:14.592] [DEBUG] cheese - null
[2020-05-08T16:02:09.578] [DEBUG] cheese - login => username:admina,password:1234561
[2020-05-08T16:02:09.579] [DEBUG] cheese - admina
[2020-05-08T16:02:09.587] [DEBUG] cheese - null
[2020-05-08T16:02:09.587] [DEBUG] cheese - null
[2020-05-08T16:02:20.403] [DEBUG] cheese - login => username:aurora,password:123456
[2020-05-08T16:02:20.403] [DEBUG] cheese - aurora
[2020-05-08T16:02:20.408] [DEBUG] cheese - null
[2020-05-08T16:02:20.409] [DEBUG] cheese - null
[2020-05-08T16:02:23.987] [DEBUG] cheese - login => username:aurora,password:123456
[2020-05-08T16:02:23.987] [DEBUG] cheese - aurora
[2020-05-08T16:02:23.990] [DEBUG] cheese - null
[2020-05-08T16:02:23.991] [DEBUG] cheese - null
[2020-05-08T16:02:30.318] [DEBUG] cheese - login => username:aurora,password:123456
[2020-05-08T16:02:30.318] [DEBUG] cheese - aurora
[2020-05-08T16:02:30.322] [DEBUG] cheese - null
[2020-05-08T16:02:30.322] [DEBUG] cheese - null
[2020-05-08T16:03:01.771] [DEBUG] cheese - login => username:admin,password:123456
[2020-05-08T16:03:01.771] [DEBUG] cheese - admin
[2020-05-08T16:03:01.777] [DEBUG] cheese - null
[2020-05-08T16:03:01.778] [DEBUG] cheese - null
[2020-05-09T18:45:13.497] [DEBUG] cheese - login => username:admin,password:123456
[2020-05-09T18:45:13.499] [DEBUG] cheese - admin
[2020-05-09T18:45:15.337] [DEBUG] cheese - null
[2020-05-09T18:45:15.337] [DEBUG] cheese - null
[2020-05-09T18:46:54.325] [DEBUG] cheese - login => username:admin,password:1234123
[2020-05-09T18:46:54.326] [DEBUG] cheese - admin
[2020-05-09T18:46:54.329] [DEBUG] cheese - null
[2020-05-09T18:46:54.329] [DEBUG] cheese - null
[2020-05-09T18:48:06.220] [DEBUG] cheese - login => username:adming,password:1231234
[2020-05-09T18:48:06.220] [DEBUG] cheese - adming
[2020-05-09T18:48:06.244] [DEBUG] cheese - null
[2020-05-09T18:48:06.244] [DEBUG] cheese - null
[2020-05-09T18:48:07.645] [DEBUG] cheese - login => username:adming,password:1231234
[2020-05-09T18:48:07.645] [DEBUG] cheese - adming
[2020-05-09T18:48:07.647] [DEBUG] cheese - null
[2020-05-09T18:48:07.647] [DEBUG] cheese - null
[2020-05-09T18:49:47.059] [DEBUG] cheese - login => username:admin,password:231456
[2020-05-09T18:49:47.059] [DEBUG] cheese - admin
[2020-05-09T18:49:47.062] [DEBUG] cheese - null
[2020-05-09T18:49:47.062] [DEBUG] cheese - null
[2020-05-09T18:52:13.094] [DEBUG] cheese - login => username:admin,password:123456
[2020-05-09T18:52:13.095] [DEBUG] cheese - admin
[2020-05-09T18:52:13.097] [DEBUG] cheese - null
[2020-05-09T18:52:13.097] [DEBUG] cheese - null
[2020-05-09T18:52:36.388] [DEBUG] cheese - login => username:admin,password:123456
[2020-05-09T18:52:36.389] [DEBUG] cheese - admin
[2020-05-09T18:52:36.391] [DEBUG] cheese - null
[2020-05-09T18:52:36.391] [DEBUG] cheese - null
[2020-05-09T18:52:56.009] [DEBUG] cheese - login => username:admin,password:123456
[2020-05-09T18:52:56.010] [DEBUG] cheese - admin
[2020-05-09T18:52:56.012] [DEBUG] cheese - null
[2020-05-09T18:52:56.012] [DEBUG] cheese - null
[2020-05-09T18:53:27.353] [DEBUG] cheese - login => username:admin,password:123456
[2020-05-09T18:53:27.353] [DEBUG] cheese - admin
[2020-05-09T18:53:27.357] [DEBUG] cheese - null
[2020-05-09T18:53:27.357] [DEBUG] cheese - null
[2020-05-09T19:06:15.832] [DEBUG] cheese - login => username:admin,password:123456
[2020-05-09T19:06:15.833] [DEBUG] cheese - admin
[2020-05-09T19:06:15.838] [DEBUG] cheese - null
[2020-05-09T19:06:15.838] [DEBUG] cheese - null
[2020-05-09T19:07:05.507] [DEBUG] cheese - login => username:admin,password:123456
[2020-05-09T19:07:05.507] [DEBUG] cheese - admin
[2020-05-09T19:07:05.512] [DEBUG] cheese - null
[2020-05-09T19:07:05.512] [DEBUG] cheese - null
[2020-05-09T19:07:58.277] [DEBUG] cheese - login => username:admin,password:123456
[2020-05-09T19:07:58.277] [DEBUG] cheese - admin
[2020-05-09T19:07:58.281] [DEBUG] cheese - null
[2020-05-09T19:07:58.281] [DEBUG] cheese - null
[2020-05-09T19:19:47.263] [DEBUG] cheese - login => username:admin,password:123456
[2020-05-09T19:19:47.263] [DEBUG] cheese - admin
[2020-05-09T19:19:47.266] [DEBUG] cheese - null
[2020-05-09T19:19:47.267] [DEBUG] cheese - null
[2020-05-09T19:20:15.638] [DEBUG] cheese - login => username:admin,password:123456
[2020-05-09T19:20:15.638] [DEBUG] cheese - admin
[2020-05-09T19:20:15.641] [DEBUG] cheese - null
[2020-05-09T19:20:15.641] [DEBUG] cheese - null
[2020-05-09T19:20:57.230] [DEBUG] cheese - login => username:admin,password:123456
[2020-05-09T19:20:57.230] [DEBUG] cheese - admin
[2020-05-09T19:20:57.232] [DEBUG] cheese - null
[2020-05-09T19:20:57.232] [DEBUG] cheese - null
[2020-05-09T19:21:05.369] [DEBUG] cheese - login => username:admin,password:123456
[2020-05-09T19:21:05.369] [DEBUG] cheese - admin
[2020-05-09T19:21:05.372] [DEBUG] cheese - null
[2020-05-09T19:21:05.372] [DEBUG] cheese - null
[2020-05-09T19:21:12.826] [DEBUG] cheese - login => username:admin,password:12345612
[2020-05-09T19:21:12.826] [DEBUG] cheese - admin
[2020-05-09T19:21:12.829] [DEBUG] cheese - null
[2020-05-09T19:21:12.829] [DEBUG] cheese - null
[2020-05-09T22:46:51.047] [DEBUG] cheese - login => username:admin,password:123456
[2020-05-09T22:46:51.047] [DEBUG] cheese - admin
[2020-05-09T22:46:51.051] [DEBUG] cheese - null
[2020-05-09T22:46:51.052] [DEBUG] cheese - null
[2020-05-09T22:50:39.331] [DEBUG] cheese - login => username:admin,password:123456
[2020-05-09T22:50:39.331] [DEBUG] cheese - admin
[2020-05-09T22:50:39.334] [DEBUG] cheese - null
[2020-05-09T22:50:39.334] [DEBUG] cheese - null
[2020-05-09T22:55:11.114] [DEBUG] cheese - login => username:admin,password:123456
[2020-05-09T22:55:11.114] [DEBUG] cheese - admin
[2020-05-09T22:55:11.117] [DEBUG] cheese - null
[2020-05-09T22:55:11.117] [DEBUG] cheese - null
[2020-05-09T23:06:45.640] [DEBUG] cheese - login => username:admin,password:123456
[2020-05-09T23:06:45.640] [DEBUG] cheese - admin
[2020-05-09T23:06:45.643] [DEBUG] cheese - null
[2020-05-09T23:06:45.643] [DEBUG] cheese - null
[2020-05-09T23:06:53.337] [DEBUG] cheese - login => username:admin,password:123456
[2020-05-09T23:06:53.337] [DEBUG] cheese - admin
[2020-05-09T23:06:53.341] [DEBUG] cheese - null
[2020-05-09T23:06:53.341] [DEBUG] cheese - null
[2020-05-09T23:07:47.766] [DEBUG] cheese - login => username:admin,password:123456
[2020-05-09T23:07:47.766] [DEBUG] cheese - admin
[2020-05-09T23:07:47.768] [DEBUG] cheese - null
[2020-05-09T23:07:47.768] [DEBUG] cheese - null
[2020-05-09T23:13:04.174] [DEBUG] cheese - login => username:admin,password:123456
[2020-05-09T23:13:04.174] [DEBUG] cheese - admin
[2020-05-09T23:13:04.176] [DEBUG] cheese - null
[2020-05-09T23:13:04.176] [DEBUG] cheese - null
[2020-05-09T23:16:23.849] [DEBUG] cheese - login => username:admin,password:123456
[2020-05-09T23:16:23.849] [DEBUG] cheese - admin
[2020-05-09T23:16:23.853] [DEBUG] cheese - null
[2020-05-09T23:16:23.853] [DEBUG] cheese - null
[2020-05-09T23:18:23.599] [DEBUG] cheese - login => username:admin,password:123456
[2020-05-09T23:18:23.599] [DEBUG] cheese - admin
[2020-05-09T23:18:23.601] [DEBUG] cheese - null
[2020-05-09T23:18:23.601] [DEBUG] cheese - null
[2020-05-09T23:21:34.393] [DEBUG] cheese - login => username:admin,password:123456
[2020-05-09T23:21:34.393] [DEBUG] cheese - admin
[2020-05-09T23:21:34.395] [DEBUG] cheese - null
[2020-05-09T23:21:34.395] [DEBUG] cheese - null
[2020-05-10T00:14:34.324] [DEBUG] cheese - login => username:admin,password:123456
[2020-05-10T00:14:34.325] [DEBUG] cheese - admin
[2020-05-10T00:14:34.333] [DEBUG] cheese - null
[2020-05-10T00:14:34.333] [DEBUG] cheese - null
[2020-05-10T00:48:40.394] [DEBUG] cheese - login => username:admin,password:123456
[2020-05-10T00:48:40.395] [DEBUG] cheese - admin
[2020-05-10T00:48:40.399] [DEBUG] cheese - null
[2020-05-10T00:48:40.399] [DEBUG] cheese - null
[2020-05-10T10:52:40.333] [DEBUG] cheese - login => username:admin,password:123456
[2020-05-10T10:52:40.334] [DEBUG] cheese - admin
[2020-05-10T10:52:40.476] [DEBUG] cheese - null
[2020-05-10T10:52:40.477] [DEBUG] cheese - null
[2020-05-10T15:38:48.324] [DEBUG] cheese - login => username:admin,password:123456
[2020-05-10T15:38:48.325] [DEBUG] cheese - admin
[2020-05-10T15:38:48.336] [DEBUG] cheese - null
[2020-05-10T15:38:48.336] [DEBUG] cheese - null
[2020-05-10T15:40:18.055] [DEBUG] cheese - login => username:admin,password:123456
[2020-05-10T15:40:18.055] [DEBUG] cheese - admin
[2020-05-10T15:40:18.058] [DEBUG] cheese - null
[2020-05-10T15:40:18.058] [DEBUG] cheese - null
[2020-05-10T15:40:28.081] [DEBUG] cheese - login => username:admin,password:123456
[2020-05-10T15:40:28.081] [DEBUG] cheese - admin
[2020-05-10T15:40:28.084] [DEBUG] cheese - null
[2020-05-10T15:40:28.084] [DEBUG] cheese - null
[2020-05-10T20:41:31.906] [DEBUG] cheese - login => username:admin,password:123456
[2020-05-10T20:41:31.908] [DEBUG] cheese - admin
[2020-05-10T20:41:32.562] [DEBUG] cheese - null
[2020-05-10T20:41:32.562] [DEBUG] cheese - null
[2020-05-10T21:32:43.517] [DEBUG] cheese - login => username:admin,password:123456
[2020-05-10T21:32:43.517] [DEBUG] cheese - admin
[2020-05-10T21:32:43.520] [DEBUG] cheese - null
[2020-05-10T21:32:43.520] [DEBUG] cheese - null
[2020-05-10T22:54:03.536] [DEBUG] cheese - login => username:admin,password:123456
[2020-05-10T22:54:03.537] [DEBUG] cheese - admin
[2020-05-10T22:54:03.548] [DEBUG] cheese - null
[2020-05-10T22:54:03.548] [DEBUG] cheese - null
[2020-05-10T22:55:39.835] [DEBUG] cheese - login => username:admin,password:123456
[2020-05-10T22:55:39.835] [DEBUG] cheese - admin
[2020-05-10T22:55:39.839] [DEBUG] cheese - null
[2020-05-10T22:55:39.839] [DEBUG] cheese - null
[2020-05-10T22:57:24.129] [DEBUG] cheese - login => username:admin,password:123456
[2020-05-10T22:57:24.129] [DEBUG] cheese - admin
[2020-05-10T22:57:24.132] [DEBUG] cheese - null
[2020-05-10T22:57:24.132] [DEBUG] cheese - null
[2020-05-11T20:15:05.452] [DEBUG] cheese - login => username:admin,password:123456
[2020-05-11T20:15:05.453] [DEBUG] cheese - admin
[2020-05-11T20:15:05.542] [DEBUG] cheese - null
[2020-05-11T20:15:05.543] [DEBUG] cheese - null
[2020-05-11T20:15:23.446] [DEBUG] cheese - login => username:admin,password:123456
[2020-05-11T20:15:23.446] [DEBUG] cheese - admin
[2020-05-11T20:15:23.448] [DEBUG] cheese - null
[2020-05-11T20:15:23.448] [DEBUG] cheese - null
[2020-05-11T20:20:52.585] [DEBUG] cheese - login => username:admin,password:123456
[2020-05-11T20:20:52.586] [DEBUG] cheese - admin
[2020-05-11T20:20:52.588] [DEBUG] cheese - null
[2020-05-11T20:20:52.588] [DEBUG] cheese - null
[2020-05-11T20:25:23.859] [DEBUG] cheese - login => username:admin,password:123456
[2020-05-11T20:25:23.859] [DEBUG] cheese - admin
[2020-05-11T20:25:23.864] [DEBUG] cheese - null
[2020-05-11T20:25:23.864] [DEBUG] cheese - null
[2020-05-11T20:33:20.699] [DEBUG] cheese - login => username:admin,password:123456
[2020-05-11T20:33:20.699] [DEBUG] cheese - admin
[2020-05-11T20:33:20.702] [DEBUG] cheese - null
[2020-05-11T20:33:20.702] [DEBUG] cheese - null
[2020-05-11T20:33:39.646] [DEBUG] cheese - login => username:admin,password:123456
[2020-05-11T20:33:39.646] [DEBUG] cheese - admin
[2020-05-11T20:33:39.650] [DEBUG] cheese - null
[2020-05-11T20:33:39.651] [DEBUG] cheese - null
[2020-05-11T22:37:00.616] [DEBUG] cheese - login => username:aurora,password:123456
[2020-05-11T22:37:00.616] [DEBUG] cheese - aurora
[2020-05-11T22:37:00.619] [DEBUG] cheese - null
[2020-05-11T22:37:00.619] [DEBUG] cheese - null
[2020-05-11T22:37:03.120] [DEBUG] cheese - login => username:aurora,password:123456
[2020-05-11T22:37:03.120] [DEBUG] cheese - aurora
[2020-05-11T22:37:03.125] [DEBUG] cheese - null
[2020-05-11T22:37:03.125] [DEBUG] cheese - null
[2020-05-11T22:37:09.092] [DEBUG] cheese - login => username:aurora,password:123456
[2020-05-11T22:37:09.092] [DEBUG] cheese - aurora
[2020-05-11T22:37:09.095] [DEBUG] cheese - null
[2020-05-11T22:37:09.095] [DEBUG] cheese - null
[2020-05-11T22:37:12.477] [DEBUG] cheese - login => username:admin,password:123456
[2020-05-11T22:37:12.477] [DEBUG] cheese - admin
[2020-05-11T22:37:12.479] [DEBUG] cheese - null
[2020-05-11T22:37:12.479] [DEBUG] cheese - null
[2020-05-12T15:38:11.188] [DEBUG] cheese - login => username:admin,password:123456
[2020-05-12T15:38:11.189] [DEBUG] cheese - admin
[2020-05-12T15:38:11.198] [DEBUG] cheese - null
[2020-05-12T15:38:11.198] [DEBUG] cheese - null
[2020-05-13T11:43:55.708] [DEBUG] cheese - null
[2020-05-13T11:44:02.708] [DEBUG] cheese - null
[2020-05-13T11:45:43.843] [DEBUG] cheese - null
[2020-05-13T11:46:05.820] [DEBUG] cheese - null
[2020-05-13T11:49:03.904] [DEBUG] cheese - null
[2020-05-13T11:50:22.316] [DEBUG] cheese - null
[2020-05-13T11:50:30.262] [DEBUG] cheese - null
[2020-05-13T15:42:50.708] [DEBUG] cheese - login => username:admin,password:123456
[2020-05-13T15:42:50.709] [DEBUG] cheese - admin
[2020-05-13T15:42:50.740] [DEBUG] cheese - null
[2020-05-13T15:42:50.740] [DEBUG] cheese - null
[2020-05-13T22:07:11.600] [DEBUG] cheese - login => username:admin,password:123456
[2020-05-13T22:07:11.603] [DEBUG] cheese - admin
[2020-05-13T22:07:11.617] [DEBUG] cheese - null
[2020-05-13T22:07:11.617] [DEBUG] cheese - null
[2020-05-13T22:25:43.803] [DEBUG] cheese - login => username:admin,password:123456
[2020-05-13T22:25:43.805] [DEBUG] cheese - admin
[2020-05-13T22:25:43.822] [DEBUG] cheese - null
[2020-05-13T22:25:43.822] [DEBUG] cheese - null
[2020-05-13T22:28:13.685] [DEBUG] cheese - login => username:admin,password:123456
[2020-05-13T22:28:13.686] [DEBUG] cheese - admin
[2020-05-13T22:28:13.696] [DEBUG] cheese - null
[2020-05-13T22:28:13.696] [DEBUG] cheese - null
[2020-05-14T11:50:32.353] [DEBUG] cheese - login => username:admin,password:123456
[2020-05-14T11:50:32.355] [DEBUG] cheese - admin
[2020-05-14T11:50:32.416] [DEBUG] cheese - null
[2020-05-14T11:50:32.416] [DEBUG] cheese - null
[2020-05-14T16:13:43.588] [DEBUG] cheese - login => username:admin,password:123456
[2020-05-14T16:13:43.590] [DEBUG] cheese - admin
[2020-05-14T16:13:43.593] [DEBUG] cheese - null
[2020-05-14T16:13:43.594] [DEBUG] cheese - null
[2020-05-16T11:23:03.815] [DEBUG] cheese - login => username:admin,password:123456
[2020-05-16T11:23:03.816] [DEBUG] cheese - admin
[2020-05-16T11:23:04.040] [DEBUG] cheese - null
[2020-05-16T11:23:04.041] [DEBUG] cheese - null
[2020-05-17T10:25:35.872] [DEBUG] cheese - login => username:admin,password:123456
[2020-05-17T10:25:35.873] [DEBUG] cheese - admin
[2020-05-17T10:25:35.993] [DEBUG] cheese - null
[2020-05-17T10:25:35.994] [DEBUG] cheese - null
[2020-05-17T15:59:48.388] [DEBUG] cheese - login => username:admin,password:123456
[2020-05-17T15:59:48.389] [DEBUG] cheese - admin
[2020-05-17T15:59:48.392] [DEBUG] cheese - null
[2020-05-17T15:59:48.393] [DEBUG] cheese - null
[2020-05-18T09:02:06.579] [DEBUG] cheese - login => username:admin,password:123456
[2020-05-18T09:02:06.580] [DEBUG] cheese - admin
[2020-05-18T09:02:06.700] [DEBUG] cheese - null
[2020-05-18T09:02:06.700] [DEBUG] cheese - null
[2020-05-22T20:07:18.245] [DEBUG] cheese - login => username:admin,password:123456
[2020-05-22T20:07:18.246] [DEBUG] cheese - admin
[2020-05-22T20:07:18.277] [DEBUG] cheese - null
[2020-05-22T20:07:18.278] [DEBUG] cheese - null
[2020-05-22T21:18:55.798] [DEBUG] cheese - login => username:admin,password:123456
[2020-05-22T21:18:55.800] [DEBUG] cheese - admin
[2020-05-22T21:18:55.805] [DEBUG] cheese - null
[2020-05-22T21:18:55.805] [DEBUG] cheese - null
[2020-05-24T09:17:48.185] [DEBUG] cheese - login => username:admin,password:123456
[2020-05-24T09:17:48.186] [DEBUG] cheese - admin
[2020-05-24T09:17:48.389] [DEBUG] cheese - null
[2020-05-24T09:17:48.389] [DEBUG] cheese - null
[2020-05-24T10:42:25.244] [DEBUG] cheese - null
[2020-05-24T14:26:54.660] [DEBUG] cheese - login => username:admin,password:1234562
[2020-05-24T14:26:54.661] [DEBUG] cheese - admin
[2020-05-24T14:26:54.666] [DEBUG] cheese - null
[2020-05-24T14:26:54.667] [DEBUG] cheese - null
[2020-05-24T14:26:56.388] [DEBUG] cheese - login => username:admin,password:1234562
[2020-05-24T14:26:56.388] [DEBUG] cheese - admin
[2020-05-24T14:26:56.391] [DEBUG] cheese - null
[2020-05-24T14:26:56.391] [DEBUG] cheese - null
[2020-05-24T14:27:03.729] [DEBUG] cheese - login => username:admin,password:123456
[2020-05-24T14:27:03.729] [DEBUG] cheese - admin
[2020-05-24T14:27:03.732] [DEBUG] cheese - null
[2020-05-24T14:27:03.733] [DEBUG] cheese - null
[2020-05-24T17:01:03.356] [DEBUG] cheese - login => username:admin,password:123456
[2020-05-24T17:01:03.356] [DEBUG] cheese - admin
[2020-05-24T17:01:03.361] [DEBUG] cheese - null
[2020-05-24T17:01:03.361] [DEBUG] cheese - null
[2020-05-24T21:37:16.599] [DEBUG] cheese - login => username:admin,password:123456
[2020-05-24T21:37:16.601] [DEBUG] cheese - admin
[2020-05-24T21:37:16.614] [DEBUG] cheese - null
[2020-05-24T21:37:16.615] [DEBUG] cheese - null
